Demo/MobileGuard/proguard/seeds.txt
com.itheima62.mobileguard.R$anim: int cycle_7
com.itheima62.mobileguard.R$anim: int next_in
com.itheima62.mobileguard.R$anim: int next_out
com.itheima62.mobileguard.R$anim: int prev_in
com.itheima62.mobileguard.R$anim: int prev_out
com.itheima62.mobileguard.R$anim: int shake
com.itheima62.mobileguard.R$attr: int content
com.itheima62.mobileguard.R$attr: int title
com.itheima62.mobileguard.R$color: int function_greenbutton_textcolor_selector
com.itheima62.mobileguard.R$color: int lightblue
com.itheima62.mobileguard.R$color: int textColorPrimary
com.itheima62.mobileguard.R$color: int touming
com.itheima62.mobileguard.R$dimen: int activity_horizontal_margin
com.itheima62.mobileguard.R$dimen: int activity_vertical_margin
com.itheima62.mobileguard.R$drawable: int act_scanning_03
com.itheima62.mobileguard.R$drawable: int app
com.itheima62.mobileguard.R$drawable: int app_pressed
com.itheima62.mobileguard.R$drawable: int atools
com.itheima62.mobileguard.R$drawable: int auth_follow_cb_chd
com.itheima62.mobileguard.R$drawable: int auth_follow_cb_unc
com.itheima62.mobileguard.R$drawable: int auth_title_back
com.itheima62.mobileguard.R$drawable: int bind
com.itheima62.mobileguard.R$drawable: int blue_point
com.itheima62.mobileguard.R$drawable: int bt_selector
com.itheima62.mobileguard.R$drawable: int btn_back_nor
com.itheima62.mobileguard.R$drawable: int btn_green_normal
com.itheima62.mobileguard.R$drawable: int btn_green_pressed
com.itheima62.mobileguard.R$drawable: int call_locate_blue
com.itheima62.mobileguard.R$drawable: int call_locate_gray
com.itheima62.mobileguard.R$drawable: int call_locate_green
com.itheima62.mobileguard.R$drawable: int call_locate_orange
com.itheima62.mobileguard.R$drawable: int call_locate_white
com.itheima62.mobileguard.R$drawable: int callmsgsafe
com.itheima62.mobileguard.R$drawable: int classic_platform_corners_bg
com.itheima62.mobileguard.R$drawable: int edittext_back
com.itheima62.mobileguard.R$drawable: int function_greenbutton_normal
com.itheima62.mobileguard.R$drawable: int function_greenbutton_pressed
com.itheima62.mobileguard.R$drawable: int function_greenbutton_selector
com.itheima62.mobileguard.R$drawable: int gv_list_selector
com.itheima62.mobileguard.R$id: int actionbarLayout
com.itheima62.mobileguard.R$id: int atDescTextView
com.itheima62.mobileguard.R$id: int atLayout
com.itheima62.mobileguard.R$id: int atTextView
com.itheima62.mobileguard.R$id: int backImageView
com.itheima62.mobileguard.R$id: int bt_dialog_enter_password_cancel
com.itheima62.mobileguard.R$id: int bt_dialog_enter_password_login
com.itheima62.mobileguard.R$id: int bt_dialog_lostfind_cancel
com.itheima62.mobileguard.R$id: int bt_dialog_lostfind_modify
com.itheima62.mobileguard.R$id: int bt_dialog_setting_password_cancel
com.itheima62.mobileguard.R$id: int bt_dialog_setting_password_setpass
com.itheima62.mobileguard.R$id: int bt_phonelocation_query
com.itheima62.mobileguard.R$id: int bt_setup2_bindsim
com.itheima62.mobileguard.R$id: int bt_telsms_addsafenumber
com.itheima62.mobileguard.R$id: int bt_telsmssafe_add
com.itheima62.mobileguard.R$id: int bt_telsmssafe_cancel
com.itheima62.mobileguard.R$id: int bt_watchdog_enterpass_enter
com.itheima62.mobileguard.R$id: int btn_clear
com.itheima62.mobileguard.R$id: int cb_settingcenter_autoupdate_checked
com.itheima62.mobileguard.R$id: int cb_setup4_isprotected
com.itheima62.mobileguard.R$id: int cb_taskmanager_settingcenter_lockscree_clear
com.itheima62.mobileguard.R$id: int cb_taskmanager_settingcenter_lockscree_showsystemapp
com.itheima62.mobileguard.R$id: int cb_telsmssafe_phonemode
com.itheima62.mobileguard.R$id: int cb_telsmssafe_smsmode
...
com.lidroid.xutils.task.Priority: com.lidroid.xutils.task.Priority[] values()
com.lidroid.xutils.task.Priority: com.lidroid.xutils.task.Priority valueOf(java.lang.String)
com.lidroid.xutils.task.PriorityObjectBlockingQueue$Itr: java.lang.Object next()
com.lidroid.xutils.view.ResType: com.lidroid.xutils.view.ResType[] values()
com.lidroid.xutils.view.ResType: com.lidroid.xutils.view.ResType valueOf(java.lang.String)
com.mob.tools.MobUIShell
com.mob.tools.MobUIShell: MobUIShell()
com.mob.tools.MobUIShell: void setContentView(android.view.View)
com.mob.tools.gui.AsyncImageView: void setRound(float)
com.mob.tools.gui.AsyncImageView: void setScaleToCropCenter(boolean)
com.mob.tools.gui.AsyncImageView: void setBitmap(android.graphics.Bitmap)
com.mob.tools.gui.AsyncImageView: int[] getSize()
com.mob.tools.gui.PullToRefreshView: void setAdapter(com.mob.tools.gui.PullToRefreshAdatper)
com.mob.tools.gui.ScaledImageView: void setBitmap(android.graphics.Bitmap)
com.mob.tools.gui.ScaledImageView: void setOnMatrixChangedListener(com.mob.tools.gui.ScaledImageView$OnMatrixChangedListener)
com.mob.tools.gui.ViewPagerClassic: int getCurrentScreen()
com.mob.tools.gui.ViewPagerClassic: void setCurrentScreen(int)
com.mob.tools.gui.ViewPagerClassic: void setAdapter(com.mob.tools.gui.ViewPagerAdapter)
com.startapp.android.publish.Ad
com.startapp.android.publish.Ad: android.content.Context context
com.startapp.android.publish.Ad: java.lang.Object extraData
com.startapp.android.publish.Ad: com.startapp.android.publish.adinformation.b adInfoOverride
com.startapp.android.publish.Ad: com.startapp.android.publish.model.AdPreferences$Placement placement
com.startapp.android.publish.Ad: java.lang.String errorMessage
com.startapp.android.publish.Ad: com.startapp.android.publish.Ad$AdState state
com.startapp.android.publish.Ad: boolean init
com.startapp.android.publish.Ad: Ad(android.content.Context)
com.startapp.android.publish.Ad: java.lang.Object getExtraData()
com.startapp.android.publish.Ad: android.content.Context getContext()
com.startapp.android.publish.Ad: void setExtraData(java.lang.Object)
com.startapp.android.publish.Ad: com.startapp.android.publish.Ad$AdState getState()
com.startapp.android.publish.Ad: void setState(com.startapp.android.publish.Ad$AdState)
com.startapp.android.publish.Ad: java.lang.String getErrorMessage()
com.startapp.android.publish.Ad: void setErrorMessage(java.lang.String)
com.startapp.android.publish.Ad: com.startapp.android.publish.adinformation.b getAdInfoOverride()
com.startapp.android.publish.Ad: void setAdInfoOverride(com.startapp.android.publish.adinformation.b)
com.startapp.android.publish.Ad: boolean load()
com.startapp.android.publish.Ad: boolean load(com.startapp.android.publish.AdEventListener)
com.startapp.android.publish.Ad$1
com.startapp.android.publish.Ad$1: com.startapp.android.publish.AdEventListener a
com.startapp.android.publish.Ad$1: com.startapp.android.publish.Ad b
com.startapp.android.publish.Ad$1: Ad$1(com.startapp.android.publish.Ad,com.startapp.android.publish.AdEventListener)
com.startapp.android.publish.Ad$1: void run()
com.startapp.android.publish.Ad$2
com.startapp.android.publish.Ad$2: com.startapp.android.publish.model.AdPreferences a
com.startapp.android.publish.Ad$2: com.startapp.android.publish.AdEventListener b
com.startapp.android.publish.Ad$2: com.startapp.android.publish.Ad c
com.startapp.android.publish.Ad$2: Ad$2(com.startapp.android.publish.Ad,com.startapp.android.publish.model.AdPreferences,com.startapp.android.publish.AdEventListener)
com.startapp.android.publish.Ad$2: void onFinishLoadingMeta()
com.startapp.android.publish.Ad$2: void onFailedLoadingMeta()