Demo/MobileGuard/proguard/mapping.txt
com.itheima62.mobileguard.activities.AToolActivity -> com.itheima62.mobileguard.activities.AToolActivity:
    android.app.ProgressDialog pd -> a
    android.widget.ProgressBar pb_bk -> b
    27:32:void onCreate(android.os.Bundle) -> onCreate
    43:74:void smsBaike(android.view.View) -> smsBaike
    81:109:void smsResumn(android.view.View) -> smsResumn
    116:118:void lockActivity(android.view.View) -> lockActivity
    125:127:void phoneQuery(android.view.View) -> phoneQuery
    130:133:void initView() -> a
    21:21:android.app.ProgressDialog access$0(com.itheima62.mobileguard.activities.AToolActivity) -> a
    22:22:android.widget.ProgressBar access$1(com.itheima62.mobileguard.activities.AToolActivity) -> b
com.itheima62.mobileguard.activities.AToolActivity$1 -> com.itheima62.mobileguard.activities.AToolActivity$1:
    com.itheima62.mobileguard.activities.AToolActivity this$0 -> a
    49:51:void setProgress(int) -> a
    55:57:void setMax(int) -> b
    61:63:void show() -> a
    67:69:void end() -> b
com.itheima62.mobileguard.activities.AToolActivity$2 -> com.itheima62.mobileguard.activities.AToolActivity$2:
    com.itheima62.mobileguard.activities.AToolActivity this$0 -> a
    87:89:void setProgress(int) -> a
    93:95:void setMax(int) -> b
    99:101:void show() -> a
    105:107:void end() -> b
com.itheima62.mobileguard.activities.AntivirusActivity -> com.itheima62.mobileguard.activities.AntivirusActivity:
    android.widget.ImageView iv_scan -> a
    android.widget.TextView tv_scanappname -> b
    android.widget.ProgressBar pb_scan -> c
    android.widget.LinearLayout ll_scancontent -> d
    android.view.animation.RotateAnimation ra -> e
    boolean isRun -> f
    boolean connecting -> g
    int progress -> h
    android.os.Handler handler -> i
    com.itheima62.mobileguard.dao.AntiVirusDao dao -> j
    java.util.List allApks -> k
    58:63:void onCreate(android.os.Bundle) -> onCreate
    74:78:java.lang.String getPoints(int) -> a
    87:143:void checkVersion() -> b
    145:189:void isUpdateVirusDialog() -> a
    237:276:void startScan() -> c
    282:297:void initAnimation() -> d
    300:317:void initView() -> e
    321:323:void onDestroy() -> onDestroy
    48:48:android.widget.ImageView access$0(com.itheima62.mobileguard.activities.AntivirusActivity) -> a
    52:52:android.view.animation.RotateAnimation access$1(com.itheima62.mobileguard.activities.AntivirusActivity) -> b
    50:50:android.widget.ProgressBar access$2(com.itheima62.mobileguard.activities.AntivirusActivity) -> c
    229:229:java.util.List access$3(com.itheima62.mobileguard.activities.AntivirusActivity) -> d
    190:190:int access$4(com.itheima62.mobileguard.activities.AntivirusActivity) -> e
    49:49:android.widget.TextView access$5(com.itheima62.mobileguard.activities.AntivirusActivity) -> f
com.itheima62.mobileguard.activities.AntivirusActivity$1 -> com.itheima62.mobileguard.activities.AntivirusActivity$1:
    com.itheima62.mobileguard.activities.AntivirusActivity this$0 -> a
    195:225:void handleMessage(android.os.Message) -> handleMessage
com.itheima62.mobileguard.activities.AntivirusActivity$2 -> com.itheima62.mobileguard.activities.AntivirusActivity$2:
    com.itheima62.mobileguard.activities.AntivirusActivity this$0 -> a
    91:107:void run() -> run
    89:89:com.itheima62.mobileguard.activities.AntivirusActivity access$0(com.itheima62.mobileguard.activities.AntivirusActivity$2) -> a
com.itheima62.mobileguard.activities.AntivirusActivity$2$1 -> com.itheima62.mobileguard.activities.AntivirusActivity$2$1:
    com.itheima62.mobileguard.activities.AntivirusActivity$2 this$1 -> a
    int val$j -> b
    102:103:void run() -> run
...
com.startapp.android.publish.banner.banner3d.Banner3D$4 -> com.startapp.android.publish.banner.banner3d.Banner3D$4:
    com.startapp.android.publish.banner.banner3d.Banner3D this$0 -> this$0
    void run() -> run
com.startapp.android.publish.banner.banner3d.Banner3D$SavedState -> com.startapp.android.publish.banner.banner3d.Banner3D$SavedState:
    com.startapp.android.publish.model.AdDetails[] details -> details
    float rotation -> rotation
    int firstRotation -> firstRotation
    int currentImage -> currentImage
    boolean loaded -> loaded
    boolean loading -> loading
    boolean bDefaultLoad -> bDefaultLoad
    com.startapp.android.publish.adinformation.b overrides -> overrides
    com.startapp.android.publish.banner.BannerOptions options -> options
    com.startapp.android.publish.model.AdPreferences adPreferences -> adPreferences
    boolean bIsVisible -> bIsVisible
    com.startapp.android.publish.banner.banner3d.Banner3DFace[] faces -> faces
    android.os.Parcelable$Creator CREATOR -> CREATOR
    void setCurrentImage(int) -> setCurrentImage
    int getCurrentImage() -> getCurrentImage
    void setRotation(float) -> setRotation
    float getRotation() -> getRotation
    boolean isFirstRotation() -> isFirstRotation
    void setFirstRotation(boolean) -> setFirstRotation
    void setDetails(java.util.List) -> setDetails
    java.util.List getDetails() -> getDetails
    void writeToParcel(android.os.Parcel,int) -> writeToParcel
    int describeContents() -> describeContents
com.startapp.android.publish.banner.banner3d.Banner3D$SavedState$1 -> com.startapp.android.publish.banner.banner3d.Banner3D$SavedState$1:
    com.startapp.android.publish.banner.banner3d.Banner3D$SavedState createFromParcel(android.os.Parcel) -> createFromParcel
    com.startapp.android.publish.banner.banner3d.Banner3D$SavedState[] newArray(int) -> newArray
    java.lang.Object[] newArray(int) -> newArray
    java.lang.Object createFromParcel(android.os.Parcel) -> createFromParcel
com.startapp.android.publish.banner.banner3d.Banner3DFace -> com.startapp.android.publish.banner.banner3d.Banner3DFace:
    com.startapp.android.publish.model.AdDetails a -> a
    android.graphics.Point b -> b
    android.graphics.Bitmap c -> c
    android.graphics.Bitmap d -> d
    java.lang.Boolean e -> e
    com.startapp.android.publish.banner.banner3d.a f -> f
    android.os.Parcelable$Creator CREATOR -> CREATOR
    com.startapp.android.publish.model.AdDetails a() -> a
    android.graphics.Bitmap b() -> b
    void a(android.content.Context,com.startapp.android.publish.banner.BannerOptions,android.view.ViewGroup) -> a
    void c() -> c
    android.graphics.Bitmap a(android.view.View) -> a
    void a(android.graphics.Bitmap,int) -> a
    void a(android.content.Context) -> a
    void b(android.content.Context) -> b
    void a(java.lang.String,java.lang.String,java.lang.String,android.content.Context) -> a
    int describeContents() -> describeContents
    void writeToParcel(android.os.Parcel,int) -> writeToParcel
com.startapp.android.publish.banner.banner3d.Banner3DFace$1 -> com.startapp.android.publish.banner.banner3d.Banner3DFace$1:
    com.startapp.android.publish.banner.banner3d.Banner3DFace a(android.os.Parcel) -> a
    com.startapp.android.publish.banner.banner3d.Banner3DFace[] a(int) -> a
    java.lang.Object[] newArray(int) -> newArray
    java.lang.Object createFromParcel(android.os.Parcel) -> createFromParcel
com.startapp.android.publish.banner.banner3d.Banner3DSize -> com.startapp.android.publish.banner.banner3d.Banner3DSize:
    boolean a(android.content.Context,android.view.ViewParent,com.startapp.android.publish.banner.BannerOptions) -> a
    com.startapp.android.publish.banner.a b(android.content.Context,android.view.ViewParent,com.startapp.android.publish.banner.BannerOptions) -> b