Demo/MobileGuard/proguard/usage.txt
com.itheima62.mobileguard.BuildConfig
com.itheima62.mobileguard.R
com.itheima62.mobileguard.R$anim
com.itheima62.mobileguard.R$attr
com.itheima62.mobileguard.R$color
com.itheima62.mobileguard.R$dimen
com.itheima62.mobileguard.R$drawable
com.itheima62.mobileguard.R$id
com.itheima62.mobileguard.R$layout
com.itheima62.mobileguard.R$menu
com.itheima62.mobileguard.R$raw
com.itheima62.mobileguard.R$string
com.itheima62.mobileguard.R$style
com.itheima62.mobileguard.R$styleable
com.itheima62.mobileguard.R$xml
com.itheima62.mobileguard.activities.AntivirusActivity:
    protected static final int SCANNING
    protected static final int FINISH
    protected static final int MESSAGE
    228:228:static synthetic com.itheima62.mobileguard.dao.AntiVirusDao access$11(com.itheima62.mobileguard.activities.AntivirusActivity)
com.itheima62.mobileguard.activities.AppManagerActivity:
    protected static final int LOADING
    protected static final int FINISH
com.itheima62.mobileguard.activities.BaseFriendsCallSmsActivity:
    protected static final int LOADING
    protected static final int FINISH
com.itheima62.mobileguard.activities.CacheActivity:
    protected static final int SCANNING
    protected static final int FINISH
    protected static final int CLEARALL
    private com.itheima62.mobileguard.activities.CacheActivity$GetCacheInfo getcacheInfo
com.itheima62.mobileguard.activities.ConnectivityActivity:
    private android.widget.ListView lv_datas
    128:144:private void initData()
    147:155:private void initView()
    125:125:static synthetic void access$4(com.itheima62.mobileguard.activities.ConnectivityActivity,java.util.List)
    44:44:static synthetic android.os.Handler access$5(com.itheima62.mobileguard.activities.ConnectivityActivity)
com.itheima62.mobileguard.activities.ConnectivityActivity$2
com.itheima62.mobileguard.activities.ConnectivityActivity$MyAdapter:
    51:51:private ConnectivityActivity$MyAdapter(com.itheima62.mobileguard.activities.ConnectivityActivity)
    51:51:synthetic ConnectivityActivity$MyAdapter(com.itheima62.mobileguard.activities.ConnectivityActivity,com.itheima62.mobileguard.activities.ConnectivityActivity$MyAdapter)
com.itheima62.mobileguard.activities.SettingCenterActivity:
    private android.widget.ImageView iv_changeStyle
    private android.widget.CheckBox iv_changeStyle2
com.itheima62.mobileguard.activities.SplashActivity:
    private static final int LOADMAIN
    private static final int SHOWUPDATEDIALOG
    protected static final int ERROR
    574:581:private void showAlpha()
com.itheima62.mobileguard.activities.TastManagerActivity:
    protected static final int LOADING
    protected static final int FINISH
com.itheima62.mobileguard.activities.TelSmsSafeActivity:
    protected static final int LOADING
    protected static final int FINISH
com.itheima62.mobileguard.activities.TelSmsSafeActivityPage:
    protected static final int LOADING
    protected static final int FINISH
com.itheima62.mobileguard.dao.BlackDao:
    151:174:public java.util.List getAllDatas()
    198:210:public void update(java.lang.String,int)
com.itheima62.mobileguard.dao.LockedDao:
    35:46:public boolean isLocked(java.lang.String)
com.itheima62.mobileguard.domain.BlackTable
com.itheima62.mobileguard.domain.LockedTable:
    public static final java.lang.String TABLENAME
    public static final java.lang.String PACKNAME
com.itheima62.mobileguard.engine.AppManagerEngine:
    20:20:public AppManagerEngine()
com.itheima62.mobileguard.engine.ConnectivityEngine:
    17:17:public ConnectivityEngine()
com.itheima62.mobileguard.engine.PhoneLocationEngine:
    16:16:public PhoneLocationEngine()
com.itheima62.mobileguard.engine.ReadContantsEngine:
    16:16:public ReadContantsEngine()
com.itheima62.mobileguard.engine.SmsEngine:
    35:35:public SmsEngine()
    278:354:public static void smsBaikeXml(android.app.Activity,com.itheima62.mobileguard.engine.SmsEngine$BaikeProgress)
com.itheima62.mobileguard.engine.SmsEngine$3
...
com.lidroid.xutils.cache.LruDiskCache$1
com.lidroid.xutils.cache.LruDiskCache$2
com.lidroid.xutils.cache.LruDiskCache$Editor
com.lidroid.xutils.cache.LruDiskCache$Editor$FaultHidingOutputStream
com.lidroid.xutils.cache.LruDiskCache$Entry
com.lidroid.xutils.cache.LruDiskCache$Snapshot
com.lidroid.xutils.cache.LruDiskCache$StrictLineReader
com.lidroid.xutils.cache.LruDiskCache$StrictLineReader$1
com.lidroid.xutils.cache.LruMemoryCache:
    57:59:public void setMaxSize(int)
    129:129:public final java.lang.Object put(java.lang.Object,java.lang.Object)
    215:215:public final boolean containsKey(java.lang.Object)
    281:283:public final void evictAll()
    291:291:public final synchronized int size()
    300:300:public final synchronized int maxSize()
    307:307:public final synchronized int hitCount()
    315:315:public final synchronized int missCount()
    322:322:public final synchronized int createCount()
    329:329:public final synchronized int putCount()
    336:336:public final synchronized int evictionCount()
    344:344:public final synchronized java.util.Map snapshot()
com.lidroid.xutils.cache.MD5FileNameGenerator
com.lidroid.xutils.db.annotation.Check
com.lidroid.xutils.db.annotation.Column
com.lidroid.xutils.db.annotation.Finder
com.lidroid.xutils.db.annotation.Foreign
com.lidroid.xutils.db.annotation.Id
com.lidroid.xutils.db.annotation.NoAutoIncrement
com.lidroid.xutils.db.annotation.NotNull
com.lidroid.xutils.db.annotation.Table
com.lidroid.xutils.db.annotation.Transient
com.lidroid.xutils.db.annotation.Unique
com.lidroid.xutils.db.converter.BooleanColumnConverter
com.lidroid.xutils.db.converter.ByteArrayColumnConverter
com.lidroid.xutils.db.converter.ByteColumnConverter
com.lidroid.xutils.db.converter.CharColumnConverter
com.lidroid.xutils.db.converter.ColumnConverter
com.lidroid.xutils.db.converter.ColumnConverterFactory
com.lidroid.xutils.db.converter.DateColumnConverter
com.lidroid.xutils.db.converter.DoubleColumnConverter
com.lidroid.xutils.db.converter.FloatColumnConverter
com.lidroid.xutils.db.converter.IntegerColumnConverter
com.lidroid.xutils.db.converter.LongColumnConverter
com.lidroid.xutils.db.converter.ShortColumnConverter
com.lidroid.xutils.db.converter.SqlDateColumnConverter
com.lidroid.xutils.db.converter.StringColumnConverter
com.lidroid.xutils.db.sqlite.ColumnDbType
com.lidroid.xutils.db.sqlite.CursorUtils
com.lidroid.xutils.db.sqlite.CursorUtils$EntityTempCache
com.lidroid.xutils.db.sqlite.CursorUtils$FindCacheSequence
com.lidroid.xutils.db.sqlite.DbModelSelector
com.lidroid.xutils.db.sqlite.FinderLazyLoader
com.lidroid.xutils.db.sqlite.ForeignLazyLoader
com.lidroid.xutils.db.sqlite.Selector
com.lidroid.xutils.db.sqlite.Selector$OrderBy
com.lidroid.xutils.db.sqlite.SqlInfo
com.lidroid.xutils.db.sqlite.SqlInfoBuilder
com.lidroid.xutils.db.sqlite.WhereBuilder
com.lidroid.xutils.db.table.Column
com.lidroid.xutils.db.table.ColumnUtils
com.lidroid.xutils.db.table.DbModel
com.lidroid.xutils.db.table.Finder
com.lidroid.xutils.db.table.Foreign
com.lidroid.xutils.db.table.Id
com.lidroid.xutils.db.table.KeyValue
com.lidroid.xutils.db.table.Table
com.lidroid.xutils.db.table.TableUtils
com.lidroid.xutils.exception.BaseException:
    private static final long serialVersionUID
    34:35:public BaseException(java.lang.String,java.lang.Throwable)
com.lidroid.xutils.exception.DbException
com.lidroid.xutils.exception.HttpException:
    private static final long serialVersionUID
    31:32:public HttpException(java.lang.String,java.lang.Throwable)
    41:43:public HttpException(int)
    60:62:public HttpException(int,java.lang.String,java.lang.Throwable)
    69:71:public HttpException(int,java.lang.Throwable)
    77:77:public int getExceptionCode()